"Start of log file."
"C:/Users/Shane/Desktop/L6GROU~1/Game/BONEST~1/Assets/ANGLOS~2/Models/ARTIFA~1/Axe.max"
"Starting max loading and fbx conversion"
window = undefined
"Settings units"
"Before fbx export"
"After fbx export"
"Finished max loading and fbx conversion"
"C:/Users/Shane/Desktop/L6GROU~1/Game/BONEST~1/Assets/ANGLOS~2/Models/ARTIFA~1/OFFACO~1.MAX"
"Starting max loading and fbx conversion"
window = undefined
"Settings units"
"Before fbx export"
"After fbx export"
"Finished max loading and fbx conversion"
"C:/Users/Shane/Desktop/L6GROU~1/Game/BONEST~1/Assets/ANGLOS~2/Models/ARTIFA~1/Crucifix.max"
"Starting max loading and fbx conversion"
window = undefined
"Settings units"
"Before fbx export"
"After fbx export"
"Finished max loading and fbx conversion"
